#
# A fatal error has been detected by the Java Runtime Environment:
#
#  EXCEPTION_ACCESS_VIOLATION (0xc0000005) at pc=0x000000006aaf51e0, pid=27676, tid=20836
#
# JRE version: Java(TM) SE Runtime Environment (17.0.2+8) (build 17.0.2+8-LTS-86)
# Java VM: Java HotSpot(TM) 64-Bit Server VM (17.0.2+8-LTS-86, mixed mode, sharing, tiered, compressed oops, compressed class ptrs, g1 gc, windows-amd64)
# Problematic frame:
# C  [nvoglv64.dll+0xb151e0]
#
# No core dump will be written. Minidumps are not enabled by default on client versions of Windows
#
# If you would like to submit a bug report, please visit:
#   https://bugreport.java.com/bugreport/crash.jsp
# The crash happened outside the Java Virtual Machine in native code.
# See problematic frame for where to report the bug.
#

---------------  S U M M A R Y ------------

Command Line: -Dfile.encoding=windows-1251 -Duser.country=RU -Duser.language=ru -Duser.variant com.mygdx.game.DesktopLauncher

Host: AMD Ryzen 5 3600 6-Core Processor              , 12 cores, 15G,  Windows 10 , 64 bit Build 19041 (10.0.19041.1566)
Time: Wed Mar 16 15:09:27 2022 RTZ 2 (s 10 , 64 bit Build 19041 (10.0.19041.1566) elapsed time: 0.998916 seconds (0d 0h 0m 0s)

---------------  T H R E A D  ---------------

Current thread (0x000001f8fd169ec0):  JavaThread "main" [_thread_in_native, id=20836, stack(0x000000f866d00000,0x000000f866e00000)]

Stack: [0x000000f866d00000,0x000000f866e00000],  sp=0x000000f866dfef00,  free space=1019k
Native frames: (J=compiled Java code, j=interpreted, Vv=VM code, C=native code)
C  [nvoglv64.dll+0xb151e0]

Java frames: (J=compiled Java code, j=interpreted, Vv=VM code)
j  org.lwjgl.opengl.GL11C.nglDrawElements(IIIJ)V+0
j  org.lwjgl.opengl.GL11C.glDrawElements(ILjava/nio/ShortBuffer;)V+12
j  org.lwjgl.opengl.GL11.glDrawElements(ILjava/nio/ShortBuffer;)V+2
j  com.badlogic.gdx.backends.lwjgl3.Lwjgl3GL20.glDrawElements(IIILjava/nio/Buffer;)V+21
j  com.badlogic.gdx.graphics.Mesh.render(Lcom/badlogic/gdx/graphics/glutils/ShaderProgram;IIIZ)V+88
j  com.badlogic.gdx.graphics.Mesh.render(Lcom/badlogic/gdx/graphics/glutils/ShaderProgram;III)V+10
j  com.badlogic.gdx.graphics.g2d.SpriteBatch.flush()V+184
j  com.badlogic.gdx.graphics.g2d.SpriteBatch.end()V+25
j  com.mygdx.game.MyGdxGame.render()V+64
j  com.badlogic.gdx.backends.lwjgl3.Lwjgl3Window.update()Z+187
j  com.badlogic.gdx.backends.lwjgl3.Lwjgl3Application.loop()V+111
j  com.badlogic.gdx.backends.lwjgl3.Lwjgl3Application.<init>(Lcom/badlogic/gdx/ApplicationListener;Lcom/badlogic/gdx/backends/lwjgl3/Lwjgl3ApplicationConfiguration;)V+243
j  com.mygdx.game.DesktopLauncher.main([Ljava/lang/String;)V+26
v  ~StubRoutines::call_stub

siginfo: EXCEPTION_ACCESS_VIOLATION (0xc0000005), reading address 0x000001f8a40379e0


Register to memory mapping:

RIP=0x000000006aaf51e0 nvoglv64.dll
RAX=0x0000000000000071 is an unknown value
RBX=0x000001f8a40379e0 is an unknown value
RCX=0x0 is NULL
RDX=0x000003bb0f11d30e is an unknown value
RSP=0x000000f866dfef00 is pointing into the stack for thread: 0x000001f8fd169ec0
RBP=0x000001f8a5679080 points into unknown readable memory: 0x0000000000000000 | 00 00 00 00 00 00 00 00
RSI=0x0000000000000072 is an unknown value
RDI=0x0000000000000072 is an unknown value
R8 =0x00000000000014b7 is an unknown value
R9 =0x0 is NULL
R10=0x00000000546c6148 is an unknown value
R11=0x00000227516dfa04 is an unknown value
R12=0x0 is NULL
R13=0x0000000000000071 is an unknown value
R14=0x0 is NULL
R15=0x0000000000001403 is an unknown value


Registers:
RAX=0x0000000000000071, RBX=0x000001f8a40379e0, RCX=0x0000000000000000, RDX=0x000003bb0f11d30e
RSP=0x000000f866dfef00, RBP=0x000001f8a5679080, RSI=0x0000000000000072, RDI=0x0000000000000072
R8 =0x00000000000014b7, R9 =0x0000000000000000, R10=0x00000000546c6148, R11=0x00000227516dfa04
R12=0x0000000000000000, R13=0x0000000000000071, R14=0x0000000000000000, R15=0x0000000000001403
RIP=0x000000006aaf51e0, EFLAGS=0x0000000000010246

Top of Stack: (sp=0x000000f866dfef00)
0x000000f866dfef00:   0000000000000004 0000000000000000
0x000000f866dfef10:   0000000000000000 0000000000000000
0x000000f866dfef20:   0000000000000000 0000000000000000
0x000000f866dfef30:   00007ffe2a600958 000001f8a3580970
0x000000f866dfef40:   000001f80000000e 000000000017555d
0x000000f866dfef50:   000001f8a5679810 000001f8fd169ec0
0x000000f866dfef60:   0000000000001403 000001f8fd169ec0
0x000000f866dfef70:   000001f8a40379e0 0000000000000004
0x000000f866dfef80:   000001f8a5679080 000000f866dff0c8
0x000000f866dfef90:   0000000000000000 000000006a7b42c6
0x000000f866dfefa0:   000001f8a40379e0 000001f800000004
0x000000f866dfefb0:   0000000000000072 00007ffe2a07e672
0x000000f866dfefc0:   0000000000000072 000001f8000000e4
0x000000f866dfefd0:   000001f8a40379e0 000001f800000000
0x000000f866dfefe0:   000001f8aac34a00 000001f8fd169ec0
0x000000f866dfeff0:   0000000000000120 000001f88778d48e 

Instructions: (pc=0x000000006aaf51e0)
0x000000006aaf50e0:   03 45 8b 50 14 d3 e2 41 f7 d2 45 23 50 0c 41 8b
0x000000006aaf50f0:   48 18 41 0b ca 89 94 24 c8 00 00 00 f7 d1 41 23
0x000000006aaf5100:   48 10 41 80 78 1e 00 0f 85 10 06 00 00 80 bd d4
0x000000006aaf5110:   74 24 00 00 0f 85 03 06 00 00 85 ff 0f 8e fb 05
0x000000006aaf5120:   00 00 3b 95 e8 76 24 00 0f 8f ef 05 00 00 41 83
0x000000006aaf5130:   78 08 00 0f 85 e4 05 00 00 41 80 78 1d 00 0f 85
0x000000006aaf5140:   d9 05 00 00 41 80 78 1c 00 0f 85 ce 05 00 00 80
0x000000006aaf5150:   bd 5d 23 24 00 00 0f 85 c1 05 00 00 80 bd 64 23
0x000000006aaf5160:   24 00 00 0f 85 b4 05 00 00 f7 c1 00 00 03 00 0f
0x000000006aaf5170:   85 a8 05 00 00 44 0b d1 45 85 50 20 0f 85 9b 05
0x000000006aaf5180:   00 00 48 89 b4 24 b0 00 00 00 48 8d 8d 40 78 24
0x000000006aaf5190:   00 ba 01 00 00 00 4c 89 6c 24 60 e8 d0 70 e9 ff
0x000000006aaf51a0:   41 81 ff 05 14 00 00 75 20 48 8b 9c 24 d0 00 00
0x000000006aaf51b0:   00 8d 47 ff 4c 63 e8 8b 0b 42 8b 04 ab 3b c8 8b
0x000000006aaf51c0:   f0 0f 47 f1 0f 42 c1 eb 6e 41 81 ff 03 14 00 00
0x000000006aaf51d0:   75 2c 48 8b 9c 24 d0 00 00 00 8d 47 ff 4c 63 e8
0x000000006aaf51e0:   0f b7 13 42 0f b7 0c 6b 0f b7 c1 66 3b d1 66 0f
0x000000006aaf51f0:   47 c2 66 0f 42 ca 0f b7 f0 0f b7 c1 eb 39 41 81
0x000000006aaf5200:   ff 01 14 00 00 0f 85 d8 04 00 00 48 8b 9c 24 d0
0x000000006aaf5210:   00 00 00 8d 47 ff 4c 63 e8 44 0f b6 03 42 0f b6
0x000000006aaf5220:   14 2b 44 3a c2 8b ca 41 0f 47 c8 0f b6 f1 8b ca
0x000000006aaf5230:   41 0f 42 c8 0f b6 c1 48 8b 4c 24 50 2b f0 e8 cd
0x000000006aaf5240:   08 00 00 48 8b 44 24 50 44 8b 58 78 41 8b c3 0f
0x000000006aaf5250:   af c6 44 89 9c 24 c0 00 00 00 3b 85 ec 76 24 00
0x000000006aaf5260:   7e 55 0f b6 84 24 e0 00 00 00 45 8b ce 88 44 24
0x000000006aaf5270:   40 45 8b c4 8b 84 24 d8 00 00 00 89 44 24 38 48
0x000000006aaf5280:   89 5c 24 30 44 89 7c 24 28 89 7c 24 20 8b 94 24
0x000000006aaf5290:   a8 00 00 00 48 8b cd e8 e4 09 00 00 48 8b b4 24
0x000000006aaf52a0:   b0 00 00 00 4c 8b 6c 24 60 48 83 c4 68 41 5f 41
0x000000006aaf52b0:   5e 41 5c 5f 5d 5b c3 41 81 ff 05 14 00 00 75 3f
0x000000006aaf52c0:   44 8b 0b 45 8b f1 48 8d 4b 04 83 ff 01 0f 8e c7
0x000000006aaf52d0:   00 00 00 8d 57 ff 66 66 0f 1f 84 00 00 00 00 00 


Stack slot to memory mapping:
stack at sp + 0 slots: 0x0000000000000004 is an unknown value
stack at sp + 1 slots: 0x0 is NULL
stack at sp + 2 slots: 0x0 is NULL
stack at sp + 3 slots: 0x0 is NULL
stack at sp + 4 slots: 0x0 is NULL
stack at sp + 5 slots: 0x0 is NULL
stack at sp + 6 slots: 0x00007ffe2a600958 jvm.dll
stack at sp + 7 slots: 0x000001f8a3580970 points into unknown readable memory: 0x492800077cb6002a | 2a 00 b6 7c 07 00 28 49


---------------  P R O C E S S  ---------------

Threads class SMR info:
_java_thread_list=0x000001f8a5d02d00, length=12, elements={
0x000001f8fd169ec0, 0x000001f8a234b290, 0x000001f8a234c010, 0x000001f8a2366470,
0x000001f8a2369240, 0x000001f8a2369b00, 0x000001f8a236a3c0, 0x000001f8a236b060,
0x000001f8a236ef10, 0x000001f8a2379ff0, 0x000001f8a2e2ab90, 0x000001f8a2e3ec20
}

Java Threads: ( => current thread )
=>0x000001f8fd169ec0 JavaThread "main" [_thread_in_native, id=20836, stack(0x000000f866d00000,0x000000f866e00000)]
  0x000001f8a234b290 JavaThread "Reference Handler" daemon [_thread_blocked, id=15860, stack(0x000000f867400000,0x000000f867500000)]
  0x000001f8a234c010 JavaThread "Finalizer" daemon [_thread_blocked, id=30328, stack(0x000000f867500000,0x000000f867600000)]
  0x000001f8a2366470 JavaThread "Signal Dispatcher" daemon [_thread_blocked, id=31356, stack(0x000000f867600000,0x000000f867700000)]
  0x000001f8a2369240 JavaThread "Attach Listener" daemon [_thread_blocked, id=2516, stack(0x000000f867700000,0x000000f867800000)]
  0x000001f8a2369b00 JavaThread "Service Thread" daemon [_thread_blocked, id=19416, stack(0x000000f867800000,0x000000f867900000)]
  0x000001f8a236a3c0 JavaThread "Monitor Deflation Thread" daemon [_thread_blocked, id=29728, stack(0x000000f867900000,0x000000f867a00000)]
  0x000001f8a236b060 JavaThread "C2 CompilerThread0" daemon [_thread_blocked, id=29772, stack(0x000000f867a00000,0x000000f867b00000)]
  0x000001f8a236ef10 JavaThread "C1 CompilerThread0" daemon [_thread_blocked, id=28812, stack(0x000000f867b00000,0x000000f867c00000)]
  0x000001f8a2379ff0 JavaThread "Sweeper thread" daemon [_thread_blocked, id=27160, stack(0x000000f867c00000,0x000000f867d00000)]
  0x000001f8a2e2ab90 JavaThread "Notification Thread" daemon [_thread_blocked, id=31192, stack(0x000000f867d00000,0x000000f867e00000)]
  0x000001f8a2e3ec20 JavaThread "Common-Cleaner" daemon [_thread_blocked, id=3948, stack(0x000000f867f00000,0x000000f868000000)]

Other Threads:
  0x000001f8a2345720 VMThread "VM Thread" [stack: 0x000000f867300000,0x000000f867400000] [id=11964]
  0x000001f8fd1d2860 WatcherThread [stack: 0x000000f867e00000,0x000000f867f00000] [id=31584]
  0x000001f8fd1b8d50 GCTaskThread "GC Thread#0" [stack: 0x000000f866e00000,0x000000f866f00000] [id=28716]
  0x000001f8fd1caa40 ConcurrentGCThread "G1 Main Marker" [stack: 0x000000f866f00000,0x000000f867000000] [id=14600]
  0x000001f8fd1cbb00 ConcurrentGCThread "G1 Conc#0" [stack: 0x000000f867000000,0x000000f867100000] [id=16172]
  0x000001f8a22134e0 ConcurrentGCThread "G1 Refine#0" [stack: 0x000000f867100000,0x000000f867200000] [id=28840]
  0x000001f8a2213e10 ConcurrentGCThread "G1 Service" [stack: 0x000000f867200000,0x000000f867300000] [id=17736]

Threads with active compile tasks:

VM state: not at safepoint (normal execution)

VM Mutex/Monitor currently owned by a thread: None

Heap address: 0x0000000701600000, size: 4074 MB, Compressed Oops mode: Zero based, Oop shift amount: 3

CDS archive(s) mapped at: [0x0000000800000000-0x0000000800bc0000-0x0000000800bc0000), size 12320768, SharedBaseAddress: 0x0000000800000000, ArchiveRelocationMode: 0.
Compressed class space mapped at: 0x0000000800c00000-0x0000000840c00000, reserved size: 1073741824
Narrow klass base: 0x0000000800000000, Narrow klass shift: 0, Narrow klass range: 0x100000000

GC Precious Log:
 CPUs: 12 total, 12 available
 Memory: 16295M
 Large Page Support: Disabled
 NUMA Support: Disabled
 Compressed Oops: Enabled (Zero based)
 Heap Region Size: 2M
 Heap Min Capacity: 8M
 Heap Initial Capacity: 256M
 Heap Max Capacity: 4074M
 Pre-touch: Disabled
 Parallel Workers: 10
 Concurrent Workers: 3
 Concurrent Refinement Workers: 10
 Periodic GC: Disabled

Heap:
 garbage-first heap   total 262144K, used 20480K [0x0000000701600000, 0x0000000800000000)
  region size 2048K, 11 young (22528K), 0 survivors (0K)
 Metaspace       used 7152K, committed 7296K, reserved 1064960K
  class space    used 422K, committed 512K, reserved 1048576K

Heap Regions: E=young(eden), S=young(survivor), O=old, HS=humongous(starts), HC=humongous(continues), CS=collection set, F=free, OA=open archive, CA=closed archive, TAMS=top-at-mark-start (previous, next)
|   0|0x0000000701600000, 0x0000000701600000, 0x0000000701800000|  0%| F|  |TAMS 0x0000000701600000, 0x0000000701600000| Untracked 
|   1|0x0000000701800000, 0x0000000701800000, 0x0000000701a00000|  0%| F|  |TAMS 0x0000000701800000, 0x0000000701800000| Untracked 
|   2|0x0000000701a00000, 0x0000000701a00000, 0x0000000701c00000|  0%| F|  |TAMS 0x0000000701a00000, 0x0000000701a00000| Untracked 
|   3|0x0000000701c00000, 0x0000000701c00000, 0x0000000701e00000|  0%| F|  |TAMS 0x0000000701c00000, 0x0000000701c00000| Untracked 
|   4|0x0000000701e00000, 0x0000000701e00000, 0x0000000702000000|  0%| F|  |TAMS 0x0000000701e00000, 0x0000000701e00000| Untracked 
|   5|0x0000000702000000, 0x0000000702000000, 0x0000000702200000|  0%| F|  |TAMS 0x0000000702000000, 0x0000000702000000| Untracked 
|   6|0x0000000702200000, 0x0000000702200000, 0x0000000702400000|  0%| F|  |TAMS 0x0000000702200000, 0x0000000702200000| Untracked 
|   7|0x0000000702400000, 0x0000000702400000, 0x0000000702600000|  0%| F|  |TAMS 0x0000000702400000, 0x0000000702400000| Untracked 
|   8|0x0000000702600000, 0x0000000702600000, 0x0000000702800000|  0%| F|  |TAMS 0x0000000702600000, 0x0000000702600000| Untracked 
|   9|0x0000000702800000, 0x0000000702800000, 0x0000000702a00000|  0%| F|  |TAMS 0x0000000702800000, 0x0000000702800000| Untracked 
|  10|0x0000000702a00000, 0x0000000702a00000, 0x0000000702c00000|  0%| F|  |TAMS 0x0000000702a00000, 0x0000000702a00000| Untracked 
|  11|0x0000000702c00000, 0x0000000702c00000, 0x0000000702e00000|  0%| F|  |TAMS 0x0000000702c00000, 0x0000000702c00000| Untracked 
|  12|0x0000000702e00000, 0x0000000702e00000, 0x0000000703000000|  0%| F|  |TAMS 0x0000000702e00000, 0x0000000702e00000| Untracked 
|  13|0x0000000703000000, 0x0000000703000000, 0x0000000703200000|  0%| F|  |TAMS 0x0000000703000000, 0x0000000703000000| Untracked 
|  14|0x0000000703200000, 0x0000000703200000, 0x0000000703400000|  0%| F|  |TAMS 0x0000000703200000, 0x0000000703200000| Untracked 
|  15|0x0000000703400000, 0x0000000703400000, 0x0000000703600000|  0%| F|  |TAMS 0x0000000703400000, 0x0000000703400000| Untracked 
|  16|0x0000000703600000, 0x0000000703600000, 0x0000000703800000|  0%| F|  |TAMS 0x0000000703600000, 0x0000000703600000| Untracked 
|  17|0x0000000703800000, 0x0000000703800000, 0x0000000703a00000|  0%| F|  |TAMS 0x0000000703800000, 0x0000000703800000| Untracked 
|  18|0x0000000703a00000, 0x0000000703a00000, 0x0000000703c00000|  0%| F|  |TAMS 0x0000000703a00000, 0x0000000703a00000| Untracked 
|  19|0x0000000703c00000, 0x0000000703c00000, 0x0000000703e00000|  0%| F|  |TAMS 0x0000000703c00000, 0x0000000703c00000| Untracked 
|  20|0x0000000703e00000, 0x0000000703e00000, 0x0000000704000000|  0%| F|  |TAMS 0x0000000703e00000, 0x0000000703e00000| Untracked 
|  21|0x0000000704000000, 0x0000000704000000, 0x0000000704200000|  0%| F|  |TAMS 0x0000000704000000, 0x0000000704000000| Untracked 
|  22|0x0000000704200000, 0x0000000704200000, 0x0000000704400000|  0%| F|  |TAMS 0x0000000704200000, 0x0000000704200000| Untracked 
|  23|0x0000000704400000, 0x0000000704400000, 0x0000000704600000|  0%| F|  |TAMS 0x0000000704400000, 0x0000000704400000| Untracked 
|  24|0x0000000704600000, 0x0000000704600000, 0x0000000704800000|  0%| F|  |TAMS 0x0000000704600000, 0x0000000704600000| Untracked 
|  25|0x0000000704800000, 0x0000000704800000, 0x0000000704a00000|  0%| F|  |TAMS 0x0000000704800000, 0x0000000704800000| Untracked 
|  26|0x0000000704a00000, 0x0000000704a00000, 0x0000000704c00000|  0%| F|  |TAMS 0x0000000704a00000, 0x0000000704a00000| Untracked 
|  27|0x0000000704c00000, 0x0000000704c00000, 0x0000000704e00000|  0%| F|  |TAMS 0x0000000704c00000, 0x0000000704c00000| Untracked 
|  28|0x0000000704e00000, 0x0000000704e00000, 0x0000000705000000|  0%| F|  |TAMS 0x0000000704e00000, 0x0000000704e00000| Untracked 
|  29|0x0000000705000000, 0x0000000705000000, 0x0000000705200000|  0%| F|  |TAMS 0x0000000705000000, 0x0000000705000000| Untracked 
|  30|0x0000000705200000, 0x0000000705200000, 0x0000000705400000|  0%| F|  |TAMS 0x0000000705200000, 0x0000000705200000| Untracked 
|  31|0x0000000705400000, 0x0000000705400000, 0x0000000705600000|  0%| F|  |TAMS 0x0000000705400000, 0x0000000705400000| Untracked 
|  32|0x0000000705600000, 0x0000000705600000, 0x0000000705800000|  0%| F|  |TAMS 0x0000000705600000, 0x0000000705600000| Untracked 
|  33|0x0000000705800000, 0x0000000705800000, 0x0000000705a00000|  0%| F|  |TAMS 0x0000000705800000, 0x0000000705800000| Untracked 
|  34|0x0000000705a00000, 0x0000000705a00000, 0x0000000705c00000|  0%| F|  |TAMS 0x0000000705a00000, 0x0000000705a00000| Untracked 
|  35|0x0000000705c00000, 0x0000000705c00000, 0x0000000705e00000|  0%| F|  |TAMS 0x0000000705c00000, 0x0000000705c00000| Untracked 
|  36|0x0000000705e00000, 0x0000000705e00000, 0x0000000706000000|  0%| F|  |TAMS 0x0000000705e00000, 0x0000000705e00000| Untracked 
|  37|0x0000000706000000, 0x0000000706000000, 0x0000000706200000|  0%| F|  |TAMS 0x0000000706000000, 0x0000000706000000| Untracked 
|  38|0x0000000706200000, 0x0000000706200000, 0x0000000706400000|  0%| F|  |TAMS 0x0000000706200000, 0x0000000706200000| Untracked 
|  39|0x0000000706400000, 0x0000000706400000, 0x0000000706600000|  0%| F|  |TAMS 0x0000000706400000, 0x0000000706400000| Untracked 
|  40|0x0000000706600000, 0x0000000706600000, 0x0000000706800000|  0%| F|  |TAMS 0x0000000706600000, 0x0000000706600000| Untracked 
|  41|0x0000000706800000, 0x0000000706800000, 0x0000000706a00000|  0%| F|  |TAMS 0x0000000706800000, 0x0000000706800000| Untracked 
|  42|0x0000000706a00000, 0x0000000706a00000, 0x0000000706c00000|  0%| F|  |TAMS 0x0000000706a00000, 0x0000000706a00000| Untracked 
|  43|0x0000000706c00000, 0x0000000706c00000, 0x0000000706e00000|  0%| F|  |TAMS 0x0000000706c00000, 0x0000000706c00000| Untracked 
|  44|0x0000000706e00000, 0x0000000706e00000, 0x0000000707000000|  0%| F|  |TAMS 0x0000000706e00000, 0x0000000706e00000| Untracked 
|  45|0x0000000707000000, 0x0000000707000000, 0x0000000707200000|  0%| F|  |TAMS 0x0000000707000000, 0x0000000707000000| Untracked 
|  46|0x0000000707200000, 0x0000000707200000, 0x0000000707400000|  0%| F|  |TAMS 0x0000000707200000, 0x0000000707200000| Untracked 
|  47|0x0000000707400000, 0x0000000707400000, 0x0000000707600000|  0%| F|  |TAMS 0x0000000707400000, 0x0000000707400000| Untracked 
|  48|0x0000000707600000, 0x0000000707600000, 0x0000000707800000|  0%| F|  |TAMS 0x0000000707600000, 0x0000000707600000| Untracked 
|  49|0x0000000707800000, 0x0000000707800000, 0x0000000707a00000|  0%| F|  |TAMS 0x0000000707800000, 0x0000000707800000| Untracked 
|  50|0x0000000707a00000, 0x0000000707a00000, 0x0000000707c00000|  0%| F|  |TAMS 0x0000000707a00000, 0x0000000707a00000| Untracked 
|  51|0x0000000707c00000, 0x0000000707c00000, 0x0000000707e00000|  0%| F|  |TAMS 0x0000000707c00000, 0x0000000707c00000| Untracked 
|  52|0x0000000707e00000, 0x0000000707e00000, 0x0000000708000000|  0%| F|  |TAMS 0x0000000707e00000, 0x0000000707e00000| Untracked 
|  53|0x0000000708000000, 0x0000000708000000, 0x0000000708200000|  0%| F|  |TAMS 0x0000000708000000, 0x0000000708000000| Untracked 
|  54|0x0000000708200000, 0x0000000708200000, 0x0000000708400000|  0%| F|  |TAMS 0x0000000708200000, 0x0000000708200000| Untracked 
|  55|0x0000000708400000, 0x0000000708400000, 0x0000000708600000|  0%| F|  |TAMS 0x0000000708400000, 0x0000000708400000| Untracked 
|  56|0x0000000708600000, 0x0000000708600000, 0x0000000708800000|  0%| F|  |TAMS 0x0000000708600000, 0x0000000708600000| Untracked 
|  57|0x0000000708800000, 0x0000000708800000, 0x0000000708a00000|  0%| F|  |TAMS 0x0000000708800000, 0x0000000708800000| Untracked 
|  58|0x0000000708a00000, 0x0000000708a00000, 0x0000000708c00000|  0%| F|  |TAMS 0x0000000708a00000, 0x0000000708a00000| Untracked 
|  59|0x0000000708c00000, 0x0000000708c00000, 0x0000000708e00000|  0%| F|  |TAMS 0x0000000708c00000, 0x0000000708c00000| Untracked 
|  60|0x0000000708e00000, 0x0000000708e00000, 0x0000000709000000|  0%| F|  |TAMS 0x0000000708e00000, 0x0000000708e00000| Untracked 
|  61|0x0000000709000000, 0x0000000709000000, 0x0000000709200000|  0%| F|  |TAMS 0x0000000709000000, 0x0000000709000000| Untracked 
|  62|0x0000000709200000, 0x0000000709200000, 0x0000000709400000|  0%| F|  |TAMS 0x0000000709200000, 0x0000000709200000| Untracked 
|  63|0x0000000709400000, 0x0000000709400000, 0x0000000709600000|  0%| F|  |TAMS 0x0000000709400000, 0x0000000709400000| Untracked 
|  64|0x0000000709600000, 0x0000000709600000, 0x0000000709800000|  0%| F|  |TAMS 0x0000000709600000, 0x0000000709600000| Untracked 
|  65|0x0000000709800000, 0x0000000709800000, 0x0000000709a00000|  0%| F|  |TAMS 0x0000000709800000, 0x0000000709800000| Untracked 
|  66|0x0000000709a00000, 0x0000000709a00000, 0x0000000709c00000|  0%| F|  |TAMS 0x0000000709a00000, 0x0000000709a00000| Untracked 
|  67|0x0000000709c00000, 0x0000000709c00000, 0x0000000709e00000|  0%| F|  |TAMS 0x0000000709c00000, 0x0000000709c00000| Untracked 
|  68|0x0000000709e00000, 0x0000000709e00000, 0x000000070a000000|  0%| F|  |TAMS 0x0000000709e00000, 0x0000000709e00000| Untracked 
|  69|0x000000070a000000, 0x000000070a000000, 0x000000070a200000|  0%| F|  |TAMS 0x000000070a000000, 0x000000070a000000| Untracked 
|  70|0x000000070a200000, 0x000000070a200000, 0x000000070a400000|  0%| F|  |TAMS 0x000000070a200000, 0x000000070a200000| Untracked 
|  71|0x000000070a400000, 0x000000070a400000, 0x000000070a600000|  0%| F|  |TAMS 0x000000070a400000, 0x000000070a400000| Untracked 
|  72|0x000000070a600000, 0x000000070a600000, 0x000000070a800000|  0%| F|  |TAMS 0x000000070a600000, 0x000000070a600000| Untracked 
|  73|0x000000070a800000, 0x000000070a800000, 0x000000070aa00000|  0%| F|  |TAMS 0x000000070a800000, 0x000000070a800000| Untracked 
|  74|0x000000070aa00000, 0x000000070aa00000, 0x000000070ac00000|  0%| F|  |TAMS 0x000000070aa00000, 0x000000070aa00000| Untracked 
|  75|0x000000070ac00000, 0x000000070ac00000, 0x000000070ae00000|  0%| F|  |TAMS 0x000000070ac00000, 0x000000070ac00000| Untracked 
|  76|0x000000070ae00000, 0x000000070ae00000, 0x000000070b000000|  0%| F|  |TAMS 0x000000070ae00000, 0x000000070ae00000| Untracked 
|  77|0x000000070b000000, 0x000000070b000000, 0x000000070b200000|  0%| F|  |TAMS 0x000000070b000000, 0x000000070b000000| Untracked 
|  78|0x000000070b200000, 0x000000070b200000, 0x000000070b400000|  0%| F|  |TAMS 0x000000070b200000, 0x000000070b200000| Untracked 
|  79|0x000000070b400000, 0x000000070b400000, 0x000000070b600000|  0%| F|  |TAMS 0x000000070b400000, 0x000000070b400000| Untracked 
|  80|0x000000070b600000, 0x000000070b600000, 0x000000070b800000|  0%| F|  |TAMS 0x000000070b600000, 0x000000070b600000| Untracked 
|  81|0x000000070b800000, 0x000000070b800000, 0x000000070ba00000|  0%| F|  |TAMS 0x000000070b800000, 0x000000070b800000| Untracked 
|  82|0x000000070ba00000, 0x000000070ba00000, 0x000000070bc00000|  0%| F|  |TAMS 0x000000070ba00000, 0x000000070ba00000| Untracked 
|  83|0x000000070bc00000, 0x000000070bc00000, 0x000000070be00000|  0%| F|  |TAMS 0x000000070bc00000, 0x000000070bc00000| Untracked 
|  84|0x000000070be00000, 0x000000070be00000, 0x000000070c000000|  0%| F|  |TAMS 0x000000070be00000, 0x000000070be00000| Untracked 
|  85|0x000000070c000000, 0x000000070c000000, 0x000000070c200000|  0%| F|  |TAMS 0x000000070c000000, 0x000000070c000000| Untracked 
|  86|0x000000070c200000, 0x000000070c200000, 0x000000070c400000|  0%| F|  |TAMS 0x000000070c200000, 0x000000070c200000| Untracked 
|  87|0x000000070c400000, 0x000000070c400000, 0x000000070c600000|  0%| F|  |TAMS 0x000000070c400000, 0x000000070c400000| Untracked 
|  88|0x000000070c600000, 0x000000070c600000, 0x000000070c800000|  0%| F|  |TAMS 0x000000070c600000, 0x000000070c600000| Untracked 
|  89|0x000000070c800000, 0x000000070c800000, 0x000000070ca00000|  0%| F|  |TAMS 0x000000070c800000, 0x000000070c800000| Untracked 
|  90|0x000000070ca00000, 0x000000070ca00000, 0x000000070cc00000|  0%| F|  |TAMS 0x000000070ca00000, 0x000000070ca00000| Untracked 
|  91|0x000000070cc00000, 0x000000070cc00000, 0x000000070ce00000|  0%| F|  |TAMS 0x000000070cc00000, 0x000000070cc00000| Untracked 
|  92|0x000000070ce00000, 0x000000070ce00000, 0x000000070d000000|  0%| F|  |TAMS 0x000000070ce00000, 0x000000070ce00000| Untracked 
|  93|0x000000070d000000, 0x000000070d000000, 0x000000070d200000|  0%| F|  |TAMS 0x000000070d000000, 0x000000070d000000| Untracked 
|  94|0x000000070d200000, 0x000000070d200000, 0x000000070d400000|  0%| F|  |TAMS 0x000000070d200000, 0x000000070d200000| Untracked 
|  95|0x000000070d400000, 0x000000070d400000, 0x000000070d600000|  0%| F|  |TAMS 0x000000070d400000, 0x000000070d400000| Untracked 
|  96|0x000000070d600000, 0x000000070d600000, 0x000000070d800000|  0%| F|  |TAMS 0x000000070d600000, 0x000000070d600000| Untracked 
|  97|0x000000070d800000, 0x000000070d800000, 0x000000070da00000|  0%| F|  |TAMS 0x000000070d800000, 0x000000070d800000| Untracked 
|  98|0x000000070da00000, 0x000000070da00000, 0x000000070dc00000|  0%| F|  |TAMS 0x000000070da00000, 0x000000070da00000| Untracked 
|  99|0x000000070dc00000, 0x000000070dc00000, 0x000000070de00000|  0%| F|  |TAMS 0x000000070dc00000, 0x000000070dc00000| Untracked 
| 100|0x000000070de00000, 0x000000070de00000, 0x000000070e000000|  0%| F|  |TAMS 0x000000070de00000, 0x000000070de00000| Untracked 
| 101|0x000000070e000000, 0x000000070e000000, 0x000000070e200000|  0%| F|  |TAMS 0x000000070e000000, 0x000000070e000000| Untracked 
| 102|0x000000070e200000, 0x000000070e200000, 0x000000070e400000|  0%| F|  |TAMS 0x000000070e200000, 0x000000070e200000| Untracked 
| 103|0x000000070e400000, 0x000000070e400000, 0x000000070e600000|  0%| F|  |TAMS 0x000000070e400000, 0x000000070e400000| Untracked 
| 104|0x000000070e600000, 0x000000070e600000, 0x000000070e800000|  0%| F|  |TAMS 0x000000070e600000, 0x000000070e600000| Untracked 
| 105|0x000000070e800000, 0x000000070e800000, 0x000000070ea00000|  0%| F|  |TAMS 0x000000070e800000, 0x000000070e800000| Untracked 
| 106|0x000000070ea00000, 0x000000070ea00000, 0x000000070ec00000|  0%| F|  |TAMS 0x000000070ea00000, 0x000000070ea00000| Untracked 
| 107|0x000000070ec00000, 0x000000070ec00000, 0x000000070ee00000|  0%| F|  |TAMS 0x000000070ec00000, 0x000000070ec00000| Untracked 
| 108|0x000000070ee00000, 0x000000070ee00000, 0x000000070f000000|  0%| F|  |TAMS 0x000000070ee00000, 0x000000070ee00000| Untracked 
| 109|0x000000070f000000, 0x000000070f000000, 0x000000070f200000|  0%| F|  |TAMS 0x000000070f000000, 0x000000070f000000| Untracked 
| 110|0x000000070f200000, 0x000000070f200000, 0x000000070f400000|  0%| F|  |TAMS 0x000000070f200000, 0x000000070f200000| Untracked 
| 111|0x000000070f400000, 0x000000070f400000, 0x000000070f600000|  0%| F|  |TAMS 0x000000070f400000, 0x000000070f400000| Untracked 
| 112|0x000000070f600000, 0x000000070f600000, 0x000000070f800000|  0%| F|  |TAMS 0x000000070f600000, 0x000000070f600000| Untracked 
| 113|0x000000070f800000, 0x000000070f800000, 0x000000070fa00000|  0%| F|  |TAMS 0x000000070f800000, 0x000000070f800000| Untracked 
| 114|0x000000070fa00000, 0x000000070fa00000, 0x000000070fc00000|  0%| F|  |TAMS 0x000000070fa00000, 0x000000070fa00000| Untracked 
| 115|0x000000070fc00000, 0x000000070fc00000, 0x000000070fe00000|  0%| F|  |TAMS 0x000000070fc00000, 0x000000070fc00000| Untracked 
| 116|0x000000070fe00000, 0x000000070fe00000, 0x0000000710000000|  0%| F|  |TAMS 0x000000070fe00000, 0x000000070fe00000| Untracked 
| 117|0x0000000710000000, 0x00000007101ea0b8, 0x0000000710200000| 95%| E|  |TAMS 0x0000000710000000, 0x0000000710000000| Complete 
| 118|0x0000000710200000, 0x0000000710400000, 0x0000000710400000|100%| E|CS|TAMS 0x0000000710200000, 0x0000000710200000| Complete 
| 119|0x0000000710400000, 0x0000000710600000, 0x0000000710600000|100%| E|CS|TAMS 0x0000000710400000, 0x0000000710400000| Complete 
| 120|0x0000000710600000, 0x0000000710800000, 0x0000000710800000|100%| E|CS|TAMS 0x0000000710600000, 0x0000000710600000| Complete 
| 121|0x0000000710800000, 0x0000000710a00000, 0x0000000710a00000|100%| E|CS|TAMS 0x0000000710800000, 0x0000000710800000| Complete 
| 122|0x0000000710a00000, 0x0000000710c00000, 0x0000000710c00000|100%| E|CS|TAMS 0x0000000710a00000, 0x0000000710a00000| Complete 
| 123|0x0000000710c00000, 0x0000000710e00000, 0x0000000710e00000|100%| E|CS|TAMS 0x0000000710c00000, 0x0000000710c00000| Complete 
| 124|0x0000000710e00000, 0x0000000711000000, 0x0000000711000000|100%| E|CS|TAMS 0x0000000710e00000, 0x0000000710e00000| Complete 
| 125|0x0000000711000000, 0x0000000711200000, 0x0000000711200000|100%| E|CS|TAMS 0x0000000711000000, 0x0000000711000000| Complete 
| 126|0x0000000711200000, 0x0000000711400000, 0x0000000711400000|100%| E|CS|TAMS 0x0000000711200000, 0x0000000711200000| Complete 
| 127|0x0000000711400000, 0x0000000711600000, 0x0000000711600000|100%| E|CS|TAMS 0x0000000711400000, 0x0000000711400000| Complete 

Card table byte_map: [0x000001f896780000,0x000001f896f80000] _byte_map_base: 0x000001f892f75000

Marking Bits (Prev, Next): (CMBitMap*) 0x000001f8fd1ba280, (CMBitMap*) 0x000001f8fd1ba2c0
 Prev Bits: [0x000001f897780000, 0x000001f89b728000)
 Next Bits: [0x000001f89b730000, 0x000001f89f6d8000)

Polling page: 0x000001f8fce70000

Metaspace:

Usage:
  Non-class:      6.57 MB used.
      Class:    422.02 KB used.
       Both:      6.99 MB used.

Virtual space:
  Non-class space:       16.00 MB reserved,       6.62 MB ( 41%) committed,  2 nodes.
      Class space:        1.00 GB reserved,     512.00 KB ( <1%) committed,  1 nodes.
             Both:        1.02 GB reserved,       7.12 MB ( <1%) committed. 

Chunk freelists:
   Non-Class:  2.83 MB
       Class:  3.42 MB
        Both:  6.25 MB

MaxMetaspaceSize: unlimited
CompressedClassSpaceSize: 1.00 GB
Initial GC threshold: 21.00 MB
Current GC threshold: 21.00 MB
CDS: on
MetaspaceReclaimPolicy: balanced
 - commit_granule_bytes: 65536.
 - commit_granule_words: 8192.
 - virtual_space_node_default_size: 1048576.
 - enlarge_chunks_in_place: 1.
 - new_chunks_are_fully_committed: 0.
 - uncommit_free_chunks: 1.
 - use_allocation_guard: 0.
 - handle_deallocations: 1.


Internal statistics:

num_allocs_failed_limit: 0.
num_arena_births: 46.
num_arena_deaths: 0.
num_vsnodes_births: 3.
num_vsnodes_deaths: 0.
num_space_committed: 112.
num_space_uncommitted: 0.
num_chunks_returned_to_freelist: 0.
num_chunks_taken_from_freelist: 245.
num_chunk_merges: 0.
num_chunk_splits: 195.
num_chunks_enlarged: 172.
num_purges: 0.
num_inconsistent_stats: 0.

CodeHeap 'non-profiled nmethods': size=120000Kb used=304Kb max_used=304Kb free=119695Kb
 bounds [0x000001f88f250000, 0x000001f88f4c0000, 0x000001f896780000]
CodeHeap 'profiled nmethods': size=120000Kb used=1505Kb max_used=1505Kb free=118495Kb
 bounds [0x000001f887d20000, 0x000001f887f90000, 0x000001f88f250000]
CodeHeap 'non-nmethods': size=5760Kb used=1623Kb max_used=1635Kb free=4136Kb
 bounds [0x000001f887780000, 0x000001f8879f0000, 0x000001f887d20000]
 total_blobs=1900 nmethods=842 adapters=971
 compilation: enabled
              stopped_count=0, restarted_count=0
 full_count=0

Compilation events (20 events):
Event: 0.982 Thread 0x000001f8a236ef10 nmethod 833 0x000001f887e96c90 code [0x000001f887e96e80, 0x000001f887e97428]
Event: 0.982 Thread 0x000001f8a236ef10  834       3       java.nio.CharBuffer::position (6 bytes)
Event: 0.982 Thread 0x000001f8a236ef10 nmethod 834 0x000001f887e97690 code [0x000001f887e97840, 0x000001f887e979e8]
Event: 0.983 Thread 0x000001f8a236b060 nmethod 832 0x000001f88f29aa10 code [0x000001f88f29aba0, 0x000001f88f29ae88]
Event: 0.984 Thread 0x000001f8a236ef10  835       3       java.util.concurrent.ConcurrentHashMap$Node::<init> (14 bytes)
Event: 0.984 Thread 0x000001f8a236ef10 nmethod 835 0x000001f887e97a90 code [0x000001f887e97c40, 0x000001f887e97f38]
Event: 0.990 Thread 0x000001f8a236ef10  836       1       com.badlogic.gdx.graphics.glutils.FileTextureData::getWidth (5 bytes)
Event: 0.990 Thread 0x000001f8a236ef10 nmethod 836 0x000001f88f29b110 code [0x000001f88f29b2a0, 0x000001f88f29b378]
Event: 0.990 Thread 0x000001f8a236ef10  837       1       com.badlogic.gdx.graphics.glutils.FileTextureData::getHeight (5 bytes)
Event: 0.990 Thread 0x000001f8a236ef10 nmethod 837 0x000001f88f29b410 code [0x000001f88f29b5a0, 0x000001f88f29b678]
Event: 0.990 Thread 0x000001f8a236ef10  838       1       com.badlogic.gdx.graphics.g2d.TextureRegion::getTexture (5 bytes)
Event: 0.990 Thread 0x000001f8a236ef10 nmethod 838 0x000001f88f29b710 code [0x000001f88f29b8a0, 0x000001f88f29b978]
Event: 0.990 Thread 0x000001f8a236ef10  839       1       com.badlogic.gdx.graphics.g2d.TextureRegion::getRegionWidth (5 bytes)
Event: 0.990 Thread 0x000001f8a236ef10 nmethod 839 0x000001f88f29ba10 code [0x000001f88f29bba0, 0x000001f88f29bc78]
Event: 0.990 Thread 0x000001f8a236ef10  840       1       com.badlogic.gdx.graphics.g2d.TextureRegion::getRegionHeight (5 bytes)
Event: 0.990 Thread 0x000001f8a236ef10 nmethod 840 0x000001f88f29bd10 code [0x000001f88f29bea0, 0x000001f88f29bf78]
Event: 0.992 Thread 0x000001f8a236b060  841       4       java.lang.CharacterDataLatin1::toUpperCase (53 bytes)
Event: 0.993 Thread 0x000001f8a236b060 nmethod 841 0x000001f88f29c010 code [0x000001f88f29c180, 0x000001f88f29c278]
Event: 0.993 Thread 0x000001f8a236ef10  842       3       java.security.SecureClassLoader::defineClass (16 bytes)
Event: 0.993 Thread 0x000001f8a236ef10 nmethod 842 0x000001f887e98010 code [0x000001f887e981c0, 0x000001f887e98358]

GC Heap History (0 events):
No events

Deoptimization events (20 events):
Event: 0.141 Thread 0x000001f8fd169ec0 DEOPT PACKING pc=0x000001f887d474e5 sp=0x000000f866df9ab0
Event: 0.141 Thread 0x000001f8fd169ec0 DEOPT UNPACKING pc=0x000001f8877d2b43 sp=0x000000f866df8f00 mode 0
Event: 0.181 Thread 0x000001f8fd169ec0 Uncommon trap: trap_request=0xffffff45 fr.pc=0x000001f88f25bdc0 relative=0x0000000000000040
Event: 0.181 Thread 0x000001f8fd169ec0 Uncommon trap: reason=unstable_if action=reinterpret pc=0x000001f88f25bdc0 method=sun.nio.fs.WindowsPathParser.isSlash(C)Z @ 9 c2
Event: 0.181 Thread 0x000001f8fd169ec0 DEOPT PACKING pc=0x000001f88f25bdc0 sp=0x000000f866dfbce0
Event: 0.181 Thread 0x000001f8fd169ec0 DEOPT UNPACKING pc=0x000001f8877d23a3 sp=0x000000f866dfbc68 mode 2
Event: 0.353 Thread 0x000001f8fd169ec0 DEOPT PACKING pc=0x000001f887d4a9be sp=0x000000f866df94c0
Event: 0.354 Thread 0x000001f8fd169ec0 DEOPT UNPACKING pc=0x000001f8877d2b43 sp=0x000000f866df8938 mode 0
Event: 0.970 Thread 0x000001f8fd169ec0 Uncommon trap: trap_request=0xffffff5c fr.pc=0x000001f88f288cd8 relative=0x0000000000000058
Event: 0.970 Thread 0x000001f8fd169ec0 Uncommon trap: reason=speculate_null_check action=make_not_entrant pc=0x000001f88f288cd8 method=sun.misc.Unsafe.getLong(Ljava/lang/Object;J)J @ 5 c2
Event: 0.970 Thread 0x000001f8fd169ec0 DEOPT PACKING pc=0x000001f88f288cd8 sp=0x000000f866dfed60
Event: 0.970 Thread 0x000001f8fd169ec0 DEOPT UNPACKING pc=0x000001f8877d23a3 sp=0x000000f866dfecd8 mode 2
Event: 0.973 Thread 0x000001f8fd169ec0 Uncommon trap: trap_request=0xffffff5c fr.pc=0x000001f88f285b5c relative=0x000000000000005c
Event: 0.973 Thread 0x000001f8fd169ec0 Uncommon trap: reason=speculate_null_check action=make_not_entrant pc=0x000001f88f285b5c method=sun.misc.Unsafe.putLong(Ljava/lang/Object;JJ)V @ 7 c2
Event: 0.973 Thread 0x000001f8fd169ec0 DEOPT PACKING pc=0x000001f88f285b5c sp=0x000000f866dfed10
Event: 0.973 Thread 0x000001f8fd169ec0 DEOPT UNPACKING pc=0x000001f8877d23a3 sp=0x000000f866dfec88 mode 2
Event: 0.977 Thread 0x000001f8fd169ec0 Uncommon trap: trap_request=0xffffff45 fr.pc=0x000001f88f287e40 relative=0x0000000000000ec0
Event: 0.977 Thread 0x000001f8fd169ec0 Uncommon trap: reason=unstable_if action=reinterpret pc=0x000001f88f287e40 method=java.util.HashMap.putVal(ILjava/lang/Object;Ljava/lang/Object;ZZ)Ljava/lang/Object; @ 69 c2
Event: 0.977 Thread 0x000001f8fd169ec0 DEOPT PACKING pc=0x000001f88f287e40 sp=0x000000f866dff010
Event: 0.977 Thread 0x000001f8fd169ec0 DEOPT UNPACKING pc=0x000001f8877d23a3 sp=0x000000f866dfefb0 mode 2

Classes unloaded (0 events):
No events

Classes redefined (0 events):
No events

Internal exceptions (18 events):
Event: 0.145 Thread 0x000001f8fd169ec0 Exception <a 'java/lang/NoSuchMethodError'{0x00000007111418e0}: 'java.lang.Object java.lang.invoke.DirectMethodHandle$Holder.invokeStaticInit(java.lang.Object)'> (0x00000007111418e0) 
thrown [t:\workspace\open\src\hotspot\share\interpreter\linkResolver.cpp, line 766]
Event: 0.153 Thread 0x000001f8fd169ec0 Exception <a 'java/lang/NoSuchMethodError'{0x00000007111a4838}: 'void java.lang.invoke.DirectMethodHandle$Holder.invokeStatic(java.lang.Object, java.lang.Object)'> (0x00000007111a4838) 
thrown [t:\workspace\open\src\hotspot\share\interpreter\linkResolver.cpp, line 766]
Event: 0.154 Thread 0x000001f8fd169ec0 Exception <a 'java/lang/NoSuchMethodError'{0x00000007111aa080}: 'void java.lang.invoke.DirectMethodHandle$Holder.invokeSpecial(java.lang.Object, java.lang.Object, java.lang.Object)'> (0x00000007111aa080) 
thrown [t:\workspace\open\src\hotspot\share\interpreter\linkResolver.cpp, line 766]
Event: 0.156 Thread 0x000001f8fd169ec0 Exception <a 'java/lang/NoSuchMethodError'{0x00000007111bd408}: 'java.lang.Object java.lang.invoke.DirectMethodHandle$Holder.invokeStatic(java.lang.Object, java.lang.Object, int)'> (0x00000007111bd408) 
thrown [t:\workspace\open\src\hotspot\share\interpreter\linkResolver.cpp, line 766]
Event: 0.156 Thread 0x000001f8fd169ec0 Exception <a 'java/lang/NoSuchMethodError'{0x00000007111c9178}: 'void java.lang.invoke.DelegatingMethodHandle$Holder.delegate(java.lang.Object, java.lang.Object, int, java.lang.Object)'> (0x00000007111c9178) 
thrown [t:\workspace\open\src\hotspot\share\interpreter\linkResolver.cpp, line 766]
Event: 0.157 Thread 0x000001f8fd169ec0 Exception <a 'java/lang/NoSuchMethodError'{0x00000007111cd3b8}: 'int java.lang.invoke.DirectMethodHandle$Holder.invokeSpecial(java.lang.Object, java.lang.Object, java.lang.Object)'> (0x00000007111cd3b8) 
thrown [t:\workspace\open\src\hotspot\share\interpreter\linkResolver.cpp, line 766]
Event: 0.182 Thread 0x000001f8fd169ec0 Exception <a 'sun/nio/fs/WindowsException'{0x0000000710e76078}> (0x0000000710e76078) 
thrown [t:\workspace\open\src\hotspot\share\prims\jni.cpp, line 516]
Event: 0.182 Thread 0x000001f8fd169ec0 Exception <a 'sun/nio/fs/WindowsException'{0x0000000710e765d0}> (0x0000000710e765d0) 
thrown [t:\workspace\open\src\hotspot\share\prims\jni.cpp, line 516]
Event: 0.198 Thread 0x000001f8fd169ec0 Exception <a 'sun/nio/fs/WindowsException'{0x0000000710f61da0}> (0x0000000710f61da0) 
thrown [t:\workspace\open\src\hotspot\share\prims\jni.cpp, line 516]
Event: 0.198 Thread 0x000001f8fd169ec0 Exception <a 'sun/nio/fs/WindowsException'{0x0000000710f62140}> (0x0000000710f62140) 
thrown [t:\workspace\open\src\hotspot\share\prims\jni.cpp, line 516]
Event: 0.212 Thread 0x000001f8fd169ec0 Exception <a 'sun/nio/fs/WindowsException'{0x0000000710c106a8}> (0x0000000710c106a8) 
thrown [t:\workspace\open\src\hotspot\share\prims\jni.cpp, line 516]
Event: 0.212 Thread 0x000001f8fd169ec0 Exception <a 'sun/nio/fs/WindowsException'{0x0000000710c10a18}> (0x0000000710c10a18) 
thrown [t:\workspace\open\src\hotspot\share\prims\jni.cpp, line 516]
Event: 0.303 Thread 0x000001f8fd169ec0 Exception <a 'sun/nio/fs/WindowsException'{0x0000000710c96cf0}> (0x0000000710c96cf0) 
thrown [t:\workspace\open\src\hotspot\share\prims\jni.cpp, line 516]
Event: 0.303 Thread 0x000001f8fd169ec0 Exception <a 'sun/nio/fs/WindowsException'{0x0000000710c97078}> (0x0000000710c97078) 
thrown [t:\workspace\open\src\hotspot\share\prims\jni.cpp, line 516]
Event: 0.687 Thread 0x000001f8fd169ec0 Exception <a 'sun/nio/fs/WindowsException'{0x0000000710a78418}> (0x0000000710a78418) 
thrown [t:\workspace\open\src\hotspot\share\prims\jni.cpp, line 516]
Event: 0.687 Thread 0x000001f8fd169ec0 Exception <a 'sun/nio/fs/WindowsException'{0x0000000710a787c8}> (0x0000000710a787c8) 
thrown [t:\workspace\open\src\hotspot\share\prims\jni.cpp, line 516]
Event: 0.689 Thread 0x000001f8fd169ec0 Exception <a 'sun/nio/fs/WindowsException'{0x0000000710a84a58}> (0x0000000710a84a58) 
thrown [t:\workspace\open\src\hotspot\share\prims\jni.cpp, line 516]
Event: 0.689 Thread 0x000001f8fd169ec0 Exception <a 'sun/nio/fs/WindowsException'{0x0000000710a84d40}> (0x0000000710a84d40) 
thrown [t:\workspace\open\src\hotspot\share\prims\jni.cpp, line 516]

VM Operations (8 events):
Event: 0.084 Executing VM operation: HandshakeAllThreads
Event: 0.084 Executing VM operation: HandshakeAllThreads done
Event: 0.125 Executing VM operation: HandshakeAllThreads
Event: 0.125 Executing VM operation: HandshakeAllThreads done
Event: 0.155 Executing VM operation: HandshakeAllThreads
Event: 0.156 Executing VM operation: HandshakeAllThreads done
Event: 0.833 Executing VM operation: HandshakeAllThreads
Event: 0.833 Executing VM operation: HandshakeAllThreads done

Events (20 events):
Event: 0.712 loading class sun/util/resources/LocaleData$LocaleDataResourceBundleProvider done
Event: 0.712 loading class sun/util/resources/LocaleData$CommonResourceBundleProvider done
Event: 0.713 loading class sun/util/resources/Bundles$2
Event: 0.713 loading class sun/util/resources/Bundles$2 done
Event: 0.715 Thread 0x000001f8a599f4b0 Thread added: 0x000001f8a599f4b0
Event: 0.833 loading class java/lang/NumberFormatException
Event: 0.833 loading class java/lang/NumberFormatException done
Event: 0.884 loading class java/util/NoSuchElementException
Event: 0.884 loading class java/util/NoSuchElementException done
Event: 0.959 Thread 0x000001f8a599f4b0 Thread exited: 0x000001f8a599f4b0
Event: 0.974 loading class java/io/UnsupportedEncodingException
Event: 0.974 loading class java/io/UnsupportedEncodingException done
Event: 0.974 loading class java/io/EOFException
Event: 0.974 loading class java/io/EOFException done
Event: 0.980 loading class java/util/regex/Pattern$1
Event: 0.980 loading class java/util/regex/Pattern$1 done
Event: 0.992 loading class java/lang/SecurityException
Event: 0.992 loading class java/lang/SecurityException done
Event: 0.993 loading class java/lang/reflect/InvocationTargetException
Event: 0.993 loading class java/lang/reflect/InvocationTargetException done


Dynamic libraries:
0x00007ff6f7690000 - 0x00007ff6f76a0000 	C:\Program Files\Java\jdk-17.0.2\bin\java.exe
0x00007ffeaeff0000 - 0x00007ffeaf1e5000 	C:\WINDOWS\SYSTEM32\ntdll.dll
0x00007ffead260000 - 0x00007ffead31e000 	C:\WINDOWS\System32\KERNEL32.DLL
0x00007ffeacc50000 - 0x00007ffeacf18000 	C:\WINDOWS\System32\KERNELBASE.dll
0x00007ffeacf50000 - 0x00007ffead050000 	C:\WINDOWS\System32\ucrtbase.dll
0x00007ffe9cef0000 - 0x00007ffe9cf08000 	C:\Program Files\Java\jdk-17.0.2\bin\jli.dll
0x00007ffeae570000 - 0x00007ffeae61e000 	C:\WINDOWS\System32\ADVAPI32.dll
0x00007ffe80660000 - 0x00007ffe8067a000 	C:\Program Files\Java\jdk-17.0.2\bin\VCRUNTIME140.dll
0x00007ffeae7e0000 - 0x00007ffeae87e000 	C:\WINDOWS\System32\msvcrt.dll
0x00007ffeae620000 - 0x00007ffeae6bc000 	C:\WINDOWS\System32\sechost.dll
0x00007ffeaee50000 - 0x00007ffeaef75000 	C:\WINDOWS\System32\RPCRT4.dll
0x00007ffead7f0000 - 0x00007ffead990000 	C:\WINDOWS\System32\USER32.dll
0x00007ffeac710000 - 0x00007ffeac732000 	C:\WINDOWS\System32\win32u.dll
0x00007ffead230000 - 0x00007ffead25b000 	C:\WINDOWS\System32\GDI32.dll
0x00007ffeac790000 - 0x00007ffeac89b000 	C:\WINDOWS\System32\gdi32full.dll
0x00007ffeac8a0000 - 0x00007ffeac93d000 	C:\WINDOWS\System32\msvcp_win.dll
0x00007ffe9e200000 - 0x00007ffe9e49a000 	C:\WINDOWS\WinSxS\amd64_microsoft.windows.common-controls_6595b64144ccf1df_6.0.19041.1110_none_60b5254171f9507e\COMCTL32.dll
0x00007ffea50a0000 - 0x00007ffea50aa000 	C:\WINDOWS\SYSTEM32\VERSION.dll
0x00007ffeaef80000 - 0x00007ffeaefb0000 	C:\WINDOWS\System32\IMM32.DLL
0x00007ffe9ba30000 - 0x00007ffe9ba3c000 	C:\Program Files\Java\jdk-17.0.2\bin\vcruntime140_1.dll
0x00007ffe3ea20000 - 0x00007ffe3eaad000 	C:\Program Files\Java\jdk-17.0.2\bin\msvcp140.dll
0x00007ffe29d00000 - 0x00007ffe2a8c1000 	C:\Program Files\Java\jdk-17.0.2\bin\server\jvm.dll
0x00007ffeada20000 - 0x00007ffeada28000 	C:\WINDOWS\System32\PSAPI.DLL
0x00007ffe982b0000 - 0x00007ffe982b9000 	C:\WINDOWS\SYSTEM32\WSOCK32.dll
0x00007ffea2130000 - 0x00007ffea2157000 	C:\WINDOWS\SYSTEM32\WINMM.dll
0x00007ffeaed10000 - 0x00007ffeaed7b000 	C:\WINDOWS\System32\WS2_32.dll
0x00007ffeaa640000 - 0x00007ffeaa652000 	C:\WINDOWS\SYSTEM32\kernel.appcore.dll
0x00007ffe9ab10000 - 0x00007ffe9ab1a000 	C:\Program Files\Java\jdk-17.0.2\bin\jimage.dll
0x00007ffe97520000 - 0x00007ffe97704000 	C:\WINDOWS\SYSTEM32\DBGHELP.DLL
0x00007ffe96c50000 - 0x00007ffe96c7c000 	C:\WINDOWS\SYSTEM32\dbgcore.DLL
0x00007ffeac9f0000 - 0x00007ffeaca72000 	C:\WINDOWS\System32\bcryptPrimitives.dll
0x00007ffe6f2c0000 - 0x00007ffe6f2e5000 	C:\Program Files\Java\jdk-17.0.2\bin\java.dll
0x00007ffe3e940000 - 0x00007ffe3ea16000 	C:\Program Files\Java\jdk-17.0.2\bin\jsvml.dll
0x00007ffeadae0000 - 0x00007ffeae224000 	C:\WINDOWS\System32\SHELL32.dll
0x00007ffeaa840000 - 0x00007ffeaafd4000 	C:\WINDOWS\SYSTEM32\windows.storage.dll
0x00007ffeae880000 - 0x00007ffeaebd4000 	C:\WINDOWS\System32\combase.dll
0x00007ffeac170000 - 0x00007ffeac19c000 	C:\WINDOWS\SYSTEM32\Wldp.dll
0x00007ffeada30000 - 0x00007ffeadadd000 	C:\WINDOWS\System32\SHCORE.dll
0x00007ffeaed90000 - 0x00007ffeaede5000 	C:\WINDOWS\System32\shlwapi.dll
0x00007ffeac650000 - 0x00007ffeac66f000 	C:\WINDOWS\SYSTEM32\profapi.dll
0x00007ffe6f2a0000 - 0x00007ffe6f2b9000 	C:\Program Files\Java\jdk-17.0.2\bin\net.dll
0x00007ffea55e0000 - 0x00007ffea56e9000 	C:\WINDOWS\SYSTEM32\WINHTTP.dll
0x00007ffeabed0000 - 0x00007ffeabf3a000 	C:\WINDOWS\system32\mswsock.dll
0x00007ffe6f150000 - 0x00007ffe6f166000 	C:\Program Files\Java\jdk-17.0.2\bin\nio.dll
0x00007ffe64070000 - 0x00007ffe64088000 	C:\Program Files\Java\jdk-17.0.2\bin\zip.dll
0x000000006e700000 - 0x000000006e72a000 	C:\Users\zGMGT\AppData\Local\Temp\libgdxzGMGT\e1cd32f8\gdx64.dll
0x00007ffe41930000 - 0x00007ffe41994000 	C:\Users\zGMGT\AppData\Local\Temp\lwjglzGMGT\3.2.3-build-13\lwjgl.dll
0x00007ffe29aa0000 - 0x00007ffe29cf3000 	C:\Users\zGMGT\AppData\Local\Temp\lwjglzGMGT\3.2.3-build-13\jemalloc.dll
0x00007ffe418c0000 - 0x00007ffe41922000 	C:\Users\zGMGT\AppData\Local\Temp\lwjglzGMGT\3.2.3-build-13\glfw.dll
0x00007ffeaa0c0000 - 0x00007ffeaa15e000 	C:\WINDOWS\system32\uxtheme.dll
0x00007ffe4e790000 - 0x00007ffe4e7d5000 	C:\WINDOWS\SYSTEM32\dinput8.dll
0x00007ffea4580000 - 0x00007ffea4591000 	C:\WINDOWS\SYSTEM32\xinput1_4.dll
0x00007ffeac740000 - 0x00007ffeac78e000 	C:\WINDOWS\System32\cfgmgr32.dll
0x00007ffeac4b0000 - 0x00007ffeac4e3000 	C:\WINDOWS\SYSTEM32\DEVOBJ.dll
0x00007ffeaa350000 - 0x00007ffeaa37f000 	C:\WINDOWS\SYSTEM32\dwmapi.dll
0x00007ffea0c60000 - 0x00007ffea0db2000 	C:\WINDOWS\SYSTEM32\inputhost.dll
0x00007ffead0e0000 - 0x00007ffead1ad000 	C:\WINDOWS\System32\OLEAUT32.dll
0x00007ffea94c0000 - 0x00007ffea95b2000 	C:\WINDOWS\SYSTEM32\CoreMessaging.dll
0x00007ffea9160000 - 0x00007ffea94be000 	C:\WINDOWS\SYSTEM32\CoreUIComponents.dll
0x00007ffea8740000 - 0x00007ffea8894000 	C:\WINDOWS\SYSTEM32\wintypes.dll
0x00007ffea9880000 - 0x00007ffea9976000 	C:\WINDOWS\SYSTEM32\PROPSYS.dll
0x00007ffeab410000 - 0x00007ffeab443000 	C:\WINDOWS\SYSTEM32\ntmarta.dll
0x00007ffeae6c0000 - 0x00007ffeae7d6000 	C:\WINDOWS\System32\MSCTF.dll
0x00007ffeaafe0000 - 0x00007ffeaafed000 	C:\WINDOWS\SYSTEM32\HID.DLL
0x00007ffead380000 - 0x00007ffead7f0000 	C:\WINDOWS\System32\SETUPAPI.DLL
0x00007ffeacf20000 - 0x00007ffeacf47000 	C:\WINDOWS\System32\bcrypt.dll
0x00007ffeaca80000 - 0x00007ffeacae8000 	C:\WINDOWS\System32\WINTRUST.dll
0x00007ffeacaf0000 - 0x00007ffeacc46000 	C:\WINDOWS\System32\CRYPT32.dll
0x00007ffeac2f0000 - 0x00007ffeac302000 	C:\WINDOWS\SYSTEM32\MSASN1.dll
0x00007ffe3f510000 - 0x00007ffe3f61b000 	C:\Users\zGMGT\AppData\Local\Temp\lwjglzGMGT\3.2.3-build-13\OpenAL.dll
0x00007ffeaebe0000 - 0x00007ffeaed0a000 	C:\WINDOWS\System32\ole32.dll
0x00007ffeae4c0000 - 0x00007ffeae569000 	C:\WINDOWS\System32\clbcatq.dll
0x00007ffea3460000 - 0x00007ffea34e5000 	C:\WINDOWS\System32\MMDevApi.dll
0x00007ffe90110000 - 0x00007ffe90292000 	C:\WINDOWS\SYSTEM32\AUDIOSES.DLL
0x00007ffeabce0000 - 0x00007ffeabd2b000 	C:\WINDOWS\SYSTEM32\powrprof.dll
0x00007ffeabb50000 - 0x00007ffeabb62000 	C:\WINDOWS\SYSTEM32\UMPDC.dll
0x00007ffeaa250000 - 0x00007ffeaa264000 	C:\WINDOWS\SYSTEM32\resourcepolicyclient.dll
0x00007ffe66bf0000 - 0x00007ffe66d16000 	C:\WINDOWS\SYSTEM32\opengl32.dll
0x00007ffe6ebf0000 - 0x00007ffe6ec1c000 	C:\WINDOWS\SYSTEM32\GLU32.dll
0x00007ffea6820000 - 0x00007ffea6919000 	C:\Windows\System32\AppXDeploymentClient.dll
0x0000000069fe0000 - 0x000000006c21d000 	C:\WINDOWS\System32\DriverStore\FileRepository\nv_dispi.inf_amd64_c1a085cc86772d3f\nvoglv64.dll
0x00007ffea7370000 - 0x00007ffea7384000 	C:\WINDOWS\SYSTEM32\WTSAPI32.dll
0x00007ffea6cb0000 - 0x00007ffea6ceb000 	C:\WINDOWS\SYSTEM32\dxcore.dll
0x00007ffeab480000 - 0x00007ffeab4da000 	C:\WINDOWS\SYSTEM32\WINSTA.dll
0x00007ffe4c120000 - 0x00007ffe4c179000 	C:\Users\zGMGT\AppData\Local\Temp\lwjglzGMGT\3.2.3-build-13\lwjgl_opengl.dll
0x00007ffea0780000 - 0x00007ffea0879000 	C:\WINDOWS\SYSTEM32\textinputframework.dll

dbghelp: loaded successfully - version: 4.0.5 - missing functions: none
symbol engine: initialized successfully - sym options: 0x614 - pdb path: .;C:\Program Files\Java\jdk-17.0.2\bin;C:\WINDOWS\SYSTEM32;C:\WINDOWS\WinSxS\amd64_microsoft.windows.common-controls_6595b64144ccf1df_6.0.19041.1110_none_60b5254171f9507e;C:\Program Files\Java\jdk-17.0.2\bin\server;C:\Users\zGMGT\AppData\Local\Temp\libgdxzGMGT\e1cd32f8;C:\Users\zGMGT\AppData\Local\Temp\lwjglzGMGT\3.2.3-build-13;C:\WINDOWS\System32\DriverStore\FileRepository\nv_dispi.inf_amd64_c1a085cc86772d3f

VM Arguments:
jvm_args: -Dfile.encoding=windows-1251 -Duser.country=RU -Duser.language=ru -Duser.variant 
java_command: com.mygdx.game.DesktopLauncher
java_class_path (initial): C:\Users\zGMGT\Documents\Mygame\desktop\build\classes\java\main;C:\Users\zGMGT\Documents\Mygame\desktop\build\resources\main;C:\Users\zGMGT\.gradle\caches\modules-2\files-2.1\com.badlogicgames.gdx\gdx-backend-lwjgl3\1.10.0\600c7d5b2c977daa82c4abad147087b31e0ada87\gdx-backend-lwjgl3-1.10.0.jar;C:\Users\zGMGT\.gradle\caches\modules-2\files-2.1\com.badlogicgames.gdx\gdx-platform\1.10.0\9a8fa793d2fd6d360afc6c9e4c1f5583da263b88\gdx-platform-1.10.0-natives-desktop.jar;C:\Users\zGMGT\.gradle\caches\modules-2\files-2.1\com.badlogicgames.gdx-controllers\gdx-controllers-desktop\2.2.1\cb3430c32468a090eca54d494d16bb3764ceff9b\gdx-controllers-desktop-2.2.1.jar;C:\Users\zGMGT\.gradle\caches\modules-2\files-2.1\com.badlogicgames.gdx\gdx-box2d-platform\1.10.0\588c4191c5a64ed39365e71484aa37d81c38eb5e\gdx-box2d-platform-1.10.0-natives-desktop.jar;C:\Users\zGMGT\.gradle\caches\modules-2\files-2.1\com.badlogicgames.gdx\gdx-freetype-platform\1.10.0\6e5d28752759e69384f12e4569d2c884ff71352f\gdx-freetype-platform-1.10.0-natives-desktop.jar;C:\Users\zGMGT\.gradle\caches\modules-2\files-2.1\com.badlogicgames.gdx\gdx-bullet-platform\1.10.0\ce92e8dfc762523d769cbc50853163c03bf98cf1\gdx-bullet-platform-1.10.0-natives-desktop.jar;C:\Users\zGMGT\Documents\Mygame\core\build\libs\core-1.0.jar;C:\Users\zGMGT\.gradle\caches\modules-2\files-2.1\com.badlogicgames.gdx-controllers\gdx-controllers-core\2.2.1\8aca0dc002a8daf6a6d28f49c44e25189dd93fd7\gdx-controllers-core-2.2.1.jar;C:\Users\zGMGT\.gradle\caches\modules-2\files-2.1\com.badlogicgames.box2dlights\box2dlights\1.5\6902dbcd250c95a27973aa24a147a95b3828d348\box2dlights-1.5.jar;C:\Users\zGMGT\.gradle\caches\modules-2\files-2.1\com.badlogicgames.gdx\gdx-box2d\1.10.0\b3a3c0f00b90716238835434d0ae8985604c37f8\gdx-box2d-1.10.0.jar;C:\Users\zGMGT\.gradle\caches\modules-2\files-2.1\com.badlogicgames.ashley\ashley\1.7.4\21a3a8932919099c4e5006a7d8378dcbe76ef8a5\ashley-1.7.4.jar;C:\Users\zGMGT\.gradle\caches\modules-2\files-2.1\com.
Launcher Type: SUN_STANDARD

[Global flags]
     intx CICompilerCount                          = 4                                         {product} {ergonomic}
     uint ConcGCThreads                            = 3                                         {product} {ergonomic}
     uint G1ConcRefinementThreads                  = 10                                        {product} {ergonomic}
   size_t G1HeapRegionSize                         = 2097152                                   {product} {ergonomic}
    uintx GCDrainStackTargetSize                   = 64                                        {product} {ergonomic}
   size_t InitialHeapSize                          = 268435456                                 {product} {ergonomic}
   size_t MarkStackSize                            = 4194304                                   {product} {ergonomic}
   size_t MaxHeapSize                              = 4271898624                                {product} {ergonomic}
   size_t MaxNewSize                               = 2562719744                                {product} {ergonomic}
   size_t MinHeapDeltaBytes                        = 2097152                                   {product} {ergonomic}
   size_t MinHeapSize                              = 8388608                                   {product} {ergonomic}
    uintx NonNMethodCodeHeapSize                   = 5839372                                {pd product} {ergonomic}
    uintx NonProfiledCodeHeapSize                  = 122909434                              {pd product} {ergonomic}
    uintx ProfiledCodeHeapSize                     = 122909434                              {pd product} {ergonomic}
    uintx ReservedCodeCacheSize                    = 251658240                              {pd product} {ergonomic}
     bool SegmentedCodeCache                       = true                                      {product} {ergonomic}
   size_t SoftMaxHeapSize                          = 4271898624                             {manageable} {ergonomic}
     bool UseCompressedClassPointers               = true                           {product lp64_product} {ergonomic}
     bool UseCompressedOops                        = true                           {product lp64_product} {ergonomic}
     bool UseG1GC                                  = true                                      {product} {ergonomic}
     bool UseLargePagesIndividualAllocation        = false                                  {pd product} {ergonomic}

Logging:
Log output configuration:
 #0: stdout all=warning uptime,level,tags
 #1: stderr all=off uptime,level,tags

Environment Variables:
PATH=C:\Program Files\Common Files\Oracle\Java\javapath;C:\Program Files (x86)\Common Files\Oracle\Java\javapath;C:\WINDOWS\system32;C:\WINDOWS;C:\WINDOWS\System32\Wbem;C:\WINDOWS\System32\WindowsPowerShell\v1.0\;C:\WINDOWS\System32\OpenSSH\;C:\Program Files (x86)\NVIDIA Corporation\PhysX\Common;C:\Program Files\dotnet\;C:\WINDOWS\system32;C:\WINDOWS;C:\WINDOWS\System32\Wbem;C:\WINDOWS\System32\WindowsPowerShell\v1.0\;C:\WINDOWS\System32\OpenSSH\;C:\Users\zGMGT\AppData\Local\Programs\Python\Python310\Scripts\;C:\Users\zGMGT\AppData\Local\Programs\Python\Python310\;C:\Users\zGMGT\AppData\Local\Microsoft\WindowsApps;C:\Users\zGMGT\.dotnet\tools;C:\Program Files (x86)\Common Files\Hilscher GmbH\TLRDecode;C:\Program Files\JetBrains\PyCharm Community Edition 2020.2.1\bin;;C:\Program Files\JetBrains\IntelliJ IDEA Community Edition 2021.3.2\bin;
USERNAME=zGMGT
OS=Windows_NT
PROCESSOR_IDENTIFIER=AMD64 Family 23 Model 113 Stepping 0, AuthenticAMD



---------------  S Y S T E M  ---------------

OS:
 Windows 10 , 64 bit Build 19041 (10.0.19041.1566)
OS uptime: 4 days 17:56 hours

CPU: total 12 (initial active 12) (12 cores per cpu, 2 threads per core) family 23 model 113 stepping 0 microcode 0x0, cx8, cmov, fxsr, ht, mmx, 3dnowpref, sse, sse2, sse3, ssse3, sse4a, sse4.1, sse4.2, popcnt, lzcnt, tsc, tscinvbit, avx, avx2, aes, clmul, bmi1, bmi2, adx, sha, fma, vzeroupper, clflush, clflushopt

Memory: 4k page, system-wide physical 16295M (4121M free)
TotalPageFile size 19757M (AvailPageFile size 2820M)
current process WorkingSet (physical memory assigned to process): 111M, peak: 111M
current process commit charge ("private bytes"): 412M, peak: 412M

vm_info: Java HotSpot(TM) 64-Bit Server VM (17.0.2+8-LTS-86) for windows-amd64 JRE (17.0.2+8-LTS-86), built on Dec  7 2021 21:51:03 by "mach5one" with MS VC++ 16.8 / 16.9 (VS2019)

END.
